units\krpRegions_Trial.inc=units\krpRegions.*

units\krpRegionsResources.pas=units\*.*
units\krpRegionsResources.res=units\*.*

units\krpRegionsAboutForm.pas=units\*.*
units\krpRegionsAboutForm.dfm=units\*.*
units\krpRegionsCollectionItems.pas=units\*.*
units\krpRegionsCollections.pas=units\*.*
units\krpRegionsComponents.pas=units\*.*
units\krpRegionsConsts.pas=units\*.*
units\krpRegionsDesc.pas=units\*.*
units\krpRegionsDesigning.pas=units\*.*
units\krpRegionsDialogs.pas=units\*.*
units\krpRegionsDialogs.res=units\*.*
units\krpRegionsGif.pas=units\*.*
units\krpRegionsImages.pas=units\*.*
units\krpRegionsPcx.pas=units\*.*
units\krpRegionsProcs.pas=units\*.*
units\krpRegionsReg.pas=units\*.*
units\krpRegionsReg.res=units\*.*
units\krpRegionsSkingines.pas=units\*.*
units\krpRegionsSkinPreviewForm.pas=units\*.*
units\krpRegionsSkinPreviewForm.dfm=units\*.*
units\krpRegionsSkins.pas=units\*.*
units\krpRegionsTypes.pas=units\*.*

demos\Clock\krpRegions.inc=demos\Clock\*.*
demos\Clock\Clock.dpr=demos\Clock\*.*
demos\Clock\Clock.res=demos\Clock\*.*
demos\Clock\ClockMain.pas=demos\Clock\*.*
demos\Clock\ClockMain.dfm=demos\Clock\*.*

demos\Clock\BCB4\Clock.bpr=demos\Clock\BCB4\*.*
demos\Clock\BCB4\Clock.cpp=demos\Clock\BCB4\*.*
demos\Clock\BCB4\Clock.res=demos\Clock\BCB4\*.*
demos\Clock\BCB5\Clock.bpr=demos\Clock\BCB5\*.*
demos\Clock\BCB5\Clock.cpp=demos\Clock\BCB5\*.*
demos\Clock\BCB5\Clock.res=demos\Clock\BCB5\*.*
demos\Clock\BCB6\Clock.bpr=demos\Clock\BCB6\*.*
demos\Clock\BCB6\Clock.cpp=demos\Clock\BCB6\*.*
demos\Clock\BCB6\Clock.res=demos\Clock\BCB6\*.*
demos\Clock\ClockMainBCB.h=demos\Clock\*.*
demos\Clock\ClockMainBCB.cpp=demos\Clock\*.*
demos\Clock\ClockMainBCB.dfm=demos\Clock\*.*

demos\Lens\Lens.inc=demos\Lens\*.*
demos\Lens\Lens.dpr=demos\Lens\*.*
demos\Lens\Lens.hlp=demos\Lens\*.*
demos\Lens\Lens.cnt=demos\Lens\*.*
demos\Lens\Lens.res=demos\Lens\*.*
demos\Lens\LensMainForm.pas=demos\Lens\*.*
demos\Lens\LensMainForm.dfm=demos\Lens\*.*
demos\Lens\LensAboutForm.pas=demos\Lens\*.*
demos\Lens\LensAboutForm.dfm=demos\Lens\*.*

demos\Lens\skins\Default\skin.ini=demos\Lens\skins\Default\*.*
demos\Lens\skins\Default\Mask.gif=demos\Lens\skins\Default\*.*
demos\Lens\skins\Default\Normal.jpg=demos\Lens\skins\Default\*.*
demos\Lens\skins\Default\Selected.jpg=demos\Lens\skins\Default\*.*
demos\Lens\skins\Default\Active.jpg=demos\Lens\skins\Default\*.*

demos\Lens\skins\BIG\skin.ini=demos\Lens\skins\Big\*.*
demos\Lens\skins\BIG\Mask.gif=demos\Lens\skins\Big\*.*
demos\Lens\skins\BIG\Normal.gif=demos\Lens\skins\Big\*.*
demos\Lens\skins\BIG\Active.gif=demos\Lens\skins\Big\*.*

demos\Lens\skins\Iron\skin.ini=demos\Lens\skins\Iron\*.*
demos\Lens\skins\Iron\Iron Mask.gif=demos\Lens\skins\Iron\*.*
demos\Lens\skins\Iron\Iron Normal.jpg=demos\Lens\skins\Iron\*.*
demos\Lens\skins\Iron\Iron Active.jpg=demos\Lens\skins\Iron\*.*

demos\Lens\skins\Stone\skin.ini=demos\Lens\skins\Stone\*.*
demos\Lens\skins\Stone\Mask.gif=demos\Lens\skins\Stone\*.*
demos\Lens\skins\Stone\Stone Normal.jpg=demos\Lens\skins\Stone\*.*
demos\Lens\skins\Stone\Stone Selected.jpg=demos\Lens\skins\Stone\*.*
demos\Lens\skins\Stone\Stone Active.jpg=demos\Lens\skins\Stone\*.*
